
=================================================================
 ARCWRIGHT ACCURACY TEST — 120 commands
=================================================================

  Pre-flight checks:
  Checking UE command server (13377)... OK — Arcwright
  Checking intent server (13380)... OK

  Cleaning level for fresh start...
    Deleted 23 blueprints
    Level cleaned.

  Running 120 tests...

  --- FOUNDATION ---
  [  1/120] F.01  [..EVQ]  3/5 (94.8s)  Set up FPS controls for the game
  [  2/120] F.02  [I.E.Q]  3/5 (37.7s)  Add dark indoor lighting to the level
  [  3/120] F.03  [I.E.Q]  3/5 (205.5s)  Create a ground floor with stone texture
  [  4/120] F.04  [IPEVQ] PASS (197.3s)  Create an enemy with 100 health, 15 damage, and 30
  [  5/120] F.05  [IPEVQ] PASS (85.8s)  Create a gold coin pickup worth 10 points
  [  6/120] F.06  [IPEVQ] PASS (109.1s)  Create a torch with a point light
  [  7/120] F.07  [IPEVQ] PASS (111.3s)  Create a health pickup that heals 25 HP
  [  8/120] F.08  [IPE.Q]  4/5 (103.7s)  Spawn 5 enemies around the level
  [  9/120] F.09  [I....]  1/5 (410.6s)  Spawn 8 coins around the level
  [ 10/120] F.10  [IPE.Q]  4/5 (594.2s)  Spawn 4 torches along the walls

    Phase 'foundation': 38/50 (76%) in 1950s

  --- CREATE ---
  [ 11/120] C.01  [IPEVQ] PASS (126.2s)  Create a health pickup that restores 25 HP when th
  [ 12/120] C.02  [IPEVQ] PASS (99.7s)  Make a coin that adds 10 points to the score and d
  [ 13/120] C.03  [IPEVQ] PASS (106.0s)  Build a door that opens when the player has a key
  [ 14/120] C.04  [IPEVQ] PASS (166.6s)  Create a pressure plate that activates when someth
  [ 15/120] C.05  [IPEVQ] PASS (106.3s)  Make a timed bomb that explodes after 5 seconds
  [ 16/120] C.06  [IPEVQ] PASS (41.0s)  Build a checkpoint that saves the player's positio
  [ 17/120] C.07  [IPEVQ] PASS (89.3s)  Create a turret that fires at the player every 2 s
  [ 18/120] C.08  [IPEVQ] PASS (77.0s)  Make a moving platform that goes up 300 units and 
  [ 19/120] C.09  [IPEVQ] PASS (108.2s)  Build a score manager that tracks points and high 
  [ 20/120] C.10  [IPEVQ] PASS (54.3s)  Create a wave spawner that sends enemies every 15 
  [ 21/120] C.11  [IPEVQ] PASS (70.0s)  Make a day night cycle that toggles every 60 secon
  [ 22/120] C.12  [IPEVQ] PASS (83.7s)  Build a respawn system that resets the player afte
  [ 23/120] C.13  [IPEVQ] PASS (50.0s)  Create a treasure chest that gives random gold bet
  [ 24/120] C.14  [.....]  0/5 (1.6s)  Make a lever that toggles between on and off
         ERROR: [WinError 10054] An existing connection was forcibly closed by the remote host
  [ 25/120] C.15  [.....]  0/5 (2.0s)  Build a damage zone that hurts 10 HP per second
         ERROR: Connection refused on port 13380
  [ 26/120] C.16  [.....]  0/5 (2.1s)  Create a teleporter that moves the player to a tar
         ERROR: Connection refused on port 13380
  [ 27/120] C.17  [.....]  0/5 (2.1s)  Make a blinking light that turns on and off every 
         ERROR: Connection refused on port 13380
  [ 28/120] C.18  [.....]  0/5 (2.0s)  Create a spinning actor that rotates on its Z axis
         ERROR: Connection refused on port 13380
  [ 29/120] C.19  [.....]  0/5 (2.0s)  Build a spring pad that launches the player upward
         ERROR: Connection refused on port 13380
  [ 30/120] C.20  [.....]  0/5 (2.0s)  Create a game manager that initializes score and h
         ERROR: Connection refused on port 13380
  [ 31/120] C.21  [.....]  0/5 (2.0s)  Make a patrol AI that walks between two waypoints
         ERROR: Connection refused on port 13380
  [ 32/120] C.22  [.....]  0/5 (2.0s)  Build a boss AI with three phases based on health
         ERROR: Connection refused on port 13380
  [ 33/120] C.23  [.....]  0/5 (2.0s)  Create a weapons table with name, damage, fire rat
         ERROR: Connection refused on port 13380
  [ 34/120] C.24  [.....]  0/5 (2.0s)  Make an enemy stats table with name, health, damag
         ERROR: Connection refused on port 13380
  [ 35/120] C.25  [.....]  0/5 (2.0s)  Build a difficulty settings table with multipliers
         ERROR: Connection refused on port 13380

    Phase 'create': 65/125 (52%) in 1203s

  --- MODIFY ---
  [ 36/120] M.01  [.....]  0/5 (2.0s)  Set health to 200 on all enemies
         ERROR: Connection refused on port 13380
  [ 37/120] M.02  [.....]  0/5 (2.1s)  Make the enemies faster
         ERROR: Connection refused on port 13380
  [ 38/120] M.03  [.....]  0/5 (2.0s)  Double the enemy damage
         ERROR: Connection refused on port 13380
  [ 39/120] M.04  [.....]  0/5 (2.0s)  Gold coins should be worth 50 each
         ERROR: Connection refused on port 13380
  [ 40/120] M.05  [.....]  0/5 (2.0s)  Reduce torch intensity to 2000
         ERROR: Connection refused on port 13380
  [ 41/120] M.06  [.....]  0/5 (2.0s)  All enemies need 500 HP and 40 damage
         ERROR: Connection refused on port 13380
  [ 42/120] M.07  [.....]  0/5 (2.1s)  Make the health pickups heal 50 instead of 25
         ERROR: Connection refused on port 13380
  [ 43/120] M.08  [.....]  0/5 (2.0s)  Change the material on all the walls to brick
         ERROR: Connection refused on port 13380
  [ 44/120] M.09  [.....]  0/5 (2.0s)  Replace the texture on every floor with marble
         ERROR: Connection refused on port 13380
  [ 45/120] M.10  [.....]  0/5 (2.0s)  Make the torches look like gold
         ERROR: Connection refused on port 13380
  [ 46/120] M.11  [.....]  0/5 (2.0s)  Swap the stone material to concrete on all walls
         ERROR: Connection refused on port 13380
  [ 47/120] M.12  [.....]  0/5 (2.1s)  Replace stone with brick everywhere in the level
         ERROR: Connection refused on port 13380
  [ 48/120] M.13  [.....]  0/5 (2.0s)  Apply the lava material to all hazard zones
         ERROR: Connection refused on port 13380
  [ 49/120] M.14  [.....]  0/5 (2.0s)  Change the wall texture to M_Pack_Bonus_Stone_2
         ERROR: Connection refused on port 13380
  [ 50/120] M.15  [.....]  0/5 (2.0s)  Scale all enemies up by 1.5
         ERROR: Connection refused on port 13380
  [ 51/120] M.16  [.....]  0/5 (2.0s)  Make the coins smaller
         ERROR: Connection refused on port 13380
  [ 52/120] M.17  [.....]  0/5 (2.0s)  Delete all the gold coins from the level
         ERROR: Connection refused on port 13380
  [ 53/120] M.18  [.....]  0/5 (2.0s)  Remove every torch
         ERROR: Connection refused on port 13380
  [ 54/120] M.19  [.....]  0/5 (2.0s)  Hide all the health pickups
         ERROR: Connection refused on port 13380
  [ 55/120] M.20  [.....]  0/5 (2.0s)  Move all coins up by 50 units
         ERROR: Connection refused on port 13380
  [ 56/120] M.21  [.....]  0/5 (2.1s)  Clear out all the damage zones
         ERROR: Connection refused on port 13380
  [ 57/120] M.22  [.....]  0/5 (2.1s)  Add a point light to every torch
         ERROR: Connection refused on port 13380
  [ 58/120] M.23  [.....]  0/5 (2.0s)  Give all enemies a sphere collision component
         ERROR: Connection refused on port 13380
  [ 59/120] M.24  [.....]  0/5 (2.0s)  Rename BP_GoldCoin to BP_TreasureCoin
         ERROR: Connection refused on port 13380
  [ 60/120] M.25  [.....]  0/5 (2.0s)  Change the enemy parent class to Character
         ERROR: Connection refused on port 13380
  [ 61/120] M.26  [.....]  0/5 (2.0s)  The enemies are too weak, buff them
         ERROR: Connection refused on port 13380
  [ 62/120] M.27  [.....]  0/5 (2.1s)  Everything looks too plain, change the walls
         ERROR: Connection refused on port 13380
  [ 63/120] M.28  [.....]  0/5 (2.1s)  Make all coins worth double
         ERROR: Connection refused on port 13380
  [ 64/120] M.29  [.....]  0/5 (2.0s)  The torches are too bright, dim them
         ERROR: Connection refused on port 13380
  [ 65/120] M.30  [.....]  0/5 (2.1s)  Replace the material on all walls with M_Pack_Bonu
         ERROR: Connection refused on port 13380
  [ 66/120] M.31  [.....]  0/5 (2.0s)  Swap the wall material to marble
         ERROR: Connection refused on port 13380
  [ 67/120] M.32  [.....]  0/5 (2.0s)  Change the texture on all the walls to stone
         ERROR: Connection refused on port 13380
  [ 68/120] M.33  [.....]  0/5 (2.0s)  Make the floor darker
         ERROR: Connection refused on port 13380
  [ 69/120] M.34  [.....]  0/5 (2.0s)  Set the coin value to 100 on every pickup
         ERROR: Connection refused on port 13380
  [ 70/120] M.35  [.....]  0/5 (2.1s)  Increase enemy detection range to 1200
         ERROR: Connection refused on port 13380

    Phase 'modify': 0/175 (0%) in 71s

  --- QUERY ---
  [ 71/120] Q.01  [.....]  0/5 (2.0s)  How many enemies are in the level?
         ERROR: Connection refused on port 13380
  [ 72/120] Q.02  [.....]  0/5 (2.0s)  Show me all the blueprints in the project
         ERROR: Connection refused on port 13380
  [ 73/120] Q.03  [.....]  0/5 (2.1s)  What's in the level right now?
         ERROR: Connection refused on port 13380
  [ 74/120] Q.04  [.....]  0/5 (2.0s)  Which blueprints have a Health variable?
         ERROR: Connection refused on port 13380
  [ 75/120] Q.05  [.....]  0/5 (2.0s)  How many coins did I place?
         ERROR: Connection refused on port 13380
  [ 76/120] Q.06  [.....]  0/5 (2.0s)  List all the materials in the project
         ERROR: Connection refused on port 13380
  [ 77/120] Q.07  [.....]  0/5 (2.1s)  What components does the enemy blueprint have?
         ERROR: Connection refused on port 13380
  [ 78/120] Q.08  [.....]  0/5 (2.1s)  How many actors total are in the level?
         ERROR: Connection refused on port 13380
  [ 79/120] Q.09  [.....]  0/5 (2.0s)  Show me all the data tables I've created
         ERROR: Connection refused on port 13380
  [ 80/120] Q.10  [.....]  0/5 (2.0s)  What variables does BP_Enemy have?
         ERROR: Connection refused on port 13380
  [ 81/120] Q.11  [.....]  0/5 (2.0s)  Are there any torches in the level?
         ERROR: Connection refused on port 13380
  [ 82/120] Q.12  [.....]  0/5 (2.0s)  How many health pickups are placed?
         ERROR: Connection refused on port 13380
  [ 83/120] Q.13  [.....]  0/5 (2.0s)  What's the current lighting setup?
         ERROR: Connection refused on port 13380
  [ 84/120] Q.14  [.....]  0/5 (2.0s)  List all behavior trees in the project
         ERROR: Connection refused on port 13380
  [ 85/120] Q.15  [.....]  0/5 (2.0s)  Show me everything matching 'wall'
         ERROR: Connection refused on port 13380

    Phase 'query': 0/75 (0%) in 31s

  --- MULTI ---
  [ 86/120] X.01  [.....]  0/5 (2.0s)  Create a health potion and spawn 3 of them
         ERROR: Connection refused on port 13380
  [ 87/120] X.02  [.....]  0/5 (2.1s)  Set up FPS controls and add dark lighting
         ERROR: Connection refused on port 13380
  [ 88/120] X.03  [.....]  0/5 (2.0s)  Delete all coins and replace them with gems worth 
         ERROR: Connection refused on port 13380
  [ 89/120] X.04  [.....]  0/5 (2.0s)  Make all enemies tougher and change lighting to ou
         ERROR: Connection refused on port 13380
  [ 90/120] X.05  [.....]  0/5 (2.0s)  Build a boss room with one strong enemy and health
         ERROR: Connection refused on port 13380
  [ 91/120] X.06  [.....]  0/5 (2.0s)  Create a patrol enemy, set health to 200, spawn 5 
         ERROR: Connection refused on port 13380
  [ 92/120] X.07  [.....]  0/5 (2.0s)  Add torches to the hallway and make them glow warm
         ERROR: Connection refused on port 13380
  [ 93/120] X.08  [.....]  0/5 (2.0s)  Create an enemy and a behavior tree and wire them 
         ERROR: Connection refused on port 13380
  [ 94/120] X.09  [.....]  0/5 (2.0s)  Replace all wall materials with brick and add bloo
         ERROR: Connection refused on port 13380
  [ 95/120] X.10  [.....]  0/5 (2.1s)  Create weapons, enemy stats, and difficulty tables
         ERROR: Connection refused on port 13380
  [ 96/120] X.11  [.....]  0/5 (2.0s)  Delete all enemies, create a stronger version, spa
         ERROR: Connection refused on port 13380
  [ 97/120] X.12  [.....]  0/5 (2.0s)  Change walls to marble and make the room brighter
         ERROR: Connection refused on port 13380
  [ 98/120] X.13  [.....]  0/5 (2.1s)  Create a key, a locked door, and place them in the
         ERROR: Connection refused on port 13380
  [ 99/120] X.14  [.....]  0/5 (2.0s)  Add 6 torches along the corridor and apply gold ma
         ERROR: Connection refused on port 13380
  [100/120] X.15  [.....]  0/5 (2.0s)  Set up the arena: floor, walls, lighting, enemies,
         ERROR: Connection refused on port 13380

    Phase 'multi': 0/75 (0%) in 31s

  --- VAGUE ---
  [101/120] V.01  [.....]  0/5 (2.0s)  The level feels empty
         ERROR: Connection refused on port 13380
  [102/120] V.02  [.....]  0/5 (2.0s)  Make it better
         ERROR: Connection refused on port 13380
  [103/120] V.03  [.....]  0/5 (2.1s)  The game is too easy
         ERROR: Connection refused on port 13380
  [104/120] V.04  [.....]  0/5 (2.0s)  I'm stuck, help me
         ERROR: Connection refused on port 13380
  [105/120] V.05  [.....]  0/5 (2.1s)  Can you suggest what to add next?
         ERROR: Connection refused on port 13380
  [106/120] V.06  [.....]  0/5 (2.0s)  The boss room needs to feel more dramatic
         ERROR: Connection refused on port 13380
  [107/120] V.07  [.....]  0/5 (2.0s)  Something doesn't look right about the lighting
         ERROR: Connection refused on port 13380
  [108/120] V.08  [.....]  0/5 (2.0s)  I need more variety
         ERROR: Connection refused on port 13380
  [109/120] V.09  [.....]  0/5 (2.0s)  The enemies are boring
         ERROR: Connection refused on port 13380
  [110/120] V.10  [.....]  0/5 (2.0s)  Too many coins
         ERROR: Connection refused on port 13380

    Phase 'vague': 0/50 (0%) in 20s

  --- EDGE ---
  [111/120] E.01  [.....]  0/5 (2.1s)  Create a blueprint called BP_Test with no function
         ERROR: Connection refused on port 13380
  [112/120] E.02  [.....]  0/5 (2.1s)  Delete everything in the level
         ERROR: Connection refused on port 13380
  [113/120] E.03  [.....]  0/5 (2.0s)  Set health to -50 on all enemies
         ERROR: Connection refused on port 13380
  [114/120] E.04  [.....]  0/5 (2.0s)  Apply a material that doesn't exist to the walls
         ERROR: Connection refused on port 13380
  [115/120] E.05  [.....]  0/5 (2.0s)  Create 100 enemies
         ERROR: Connection refused on port 13380
  [116/120] E.06  [.....]  0/5 (2.1s)  Change the material on actors that don't exist
         ERROR: Connection refused on port 13380
  [117/120] E.07  [.....]  0/5 (2.0s)  Rename a blueprint that doesn't exist
         ERROR: Connection refused on port 13380
  [118/120] E.08  [.....]  0/5 (2.0s)  Make the walls transparent
         ERROR: Connection refused on port 13380
  [119/120] E.09  [.....]  0/5 (2.0s)  Create a weapon that does 999999 damage
         ERROR: Connection refused on port 13380
  [120/120] E.10  [.....]  0/5 (2.0s)  Undo the last thing you did
         ERROR: Connection refused on port 13380

    Phase 'edge': 0/50 (0%) in 20s

  Results saved: run_004_20260313_014455.json


=================================================================
 ARCWRIGHT ACCURACY REPORT — Run #004 — 2026-03-13
=================================================================

 Overall: 103/600 (17.2%)  Grade: F   Previous: 0/600 (76.0%)   Delta: -58.8%

 Category         Intent   Plan   Exec Verify Qualit   Total
 ---------------- ------ ------ ------ ------ ------ -------
 Foundation (10)   9/10   6/10   9/10   5/10   9/10   38/50
 Create (25)      13/25  13/25  13/25  13/25  13/25   65/125
 Modify (35)       0/35   0/35   0/35   0/35   0/35    0/175
 Query (15)        0/15   0/15   0/15   0/15   0/15    0/75
 Multi-Step (15)   0/15   0/15   0/15   0/15   0/15    0/75
 Vague/Conv (10)   0/10   0/10   0/10   0/10   0/10    0/50
 Edge Cases (10)   0/10   0/10   0/10   0/10   0/10    0/50
 ---------------- ------ ------ ------ ------ ------ -------
 TOTAL            22/120  19/120  22/120  18/120  22/120  103/600

 Failures by Root Cause:
   I2 (intent timeout): 97
   V3 (wrong targets): 5
   P2 (wrong params): 4
   I1 (intent misclass): 1
   E1 (TCP error): 1
   Q2 (missing function): 1

 Failed Tests (103):
   C.14  [.....] 0/5  I2
   C.15  [.....] 0/5  I2
   C.16  [.....] 0/5  I2
   C.17  [.....] 0/5  I2
   C.18  [.....] 0/5  I2
   C.19  [.....] 0/5  I2
   C.20  [.....] 0/5  I2
   C.21  [.....] 0/5  I2
   C.22  [.....] 0/5  I2
   C.23  [.....] 0/5  I2
   C.24  [.....] 0/5  I2
   C.25  [.....] 0/5  I2
   M.01  [.....] 0/5  I2
   M.02  [.....] 0/5  I2
   M.03  [.....] 0/5  I2
   M.04  [.....] 0/5  I2
   M.05  [.....] 0/5  I2
   M.06  [.....] 0/5  I2
   M.07  [.....] 0/5  I2
   M.08  [.....] 0/5  I2
   ... and 83 more

 Accuracy Trend:
   Run 001: 56.2%
   Run 002: 96.8%
   Run 003: 76.0%
   Run 004: 17.2% <-- current

 Strongest dimension: Intent (22/120)
 Weakest dimension:  Verify (18/120)

=================================================================


=================================================================
 FAILURE CLASSIFICATION — Run #004
=================================================================

  17/120 passed, 103 failures

  Failures by Root Cause:
    I2 (Intent timeout / empty response): 97
    V3 (Correct command but wrong targets changed): 5
    P2 (Plan has wrong parameters): 4
    I1 (Intent misclassified (wrong mode)): 1
    E1 (TCP command returned error): 1
    Q2 (Quality: missing expected functionality): 1

  NEW failures (not in previous run): 35
    C.14: I2
    C.15: I2
    C.16: I2
    C.17: I2
    C.18: I2

  HIGH PRIORITY (failed 3+ runs): 2
    C.21: I2 — actual_mode=ERROR
    C.22: I2 — actual_mode=ERROR

